SF:lib/app/core/utils/dio_client.dart
DA:10,1
DA:13,1
DA:14,3
DA:15,3
DA:16,3
DA:18,3
DA:22,1
DA:26,2
DA:33,1
DA:35,2
LF:10
LH:10
end_of_record
SF:lib/app/core/services/preferences_service.dart
DA:7,1
DA:8,1
DA:9,1
DA:12,1
DA:13,1
DA:14,1
DA:17,1
DA:18,1
DA:19,1
DA:22,1
DA:23,1
DA:24,1
LF:12
LH:12
end_of_record
SF:lib/app/core/theme/theme_controller.dart
DA:11,1
DA:14,1
DA:15,2
DA:17,1
DA:19,1
DA:20,1
DA:23,1
DA:24,2
DA:25,2
DA:26,3
DA:29,1
DA:30,4
DA:31,4
DA:32,3
LF:14
LH:14
end_of_record
SF:lib/app/core/localization/app_localizations.dart
DA:4,1
DA:5,1
DA:6,1
DA:20,1
LF:4
LH:4
end_of_record
SF:lib/app/core/services/alerts_service.dart
DA:4,1
DA:5,2
LF:2
LH:2
end_of_record
SF:lib/app/data/repositories/movie_repository_impl.dart
DA:11,1
DA:13,1
DA:16,2
DA:18,1
DA:26,2
DA:27,2
DA:28,1
DA:29,4
DA:33,2
DA:37,1
DA:40,2
DA:41,2
DA:42,4
DA:44,2
LF:14
LH:14
end_of_record
SF:lib/app/data/models/genre_model.dart
DA:4,2
DA:6,2
DA:7,2
DA:8,2
DA:9,2
LF:5
LH:5
end_of_record
SF:lib/app/domain/entities/genre_entity.dart
DA:5,5
DA:10,1
DA:13,7
DA:16,1
DA:17,3
LF:5
LH:5
end_of_record
SF:lib/app/data/models/movie_model.dart
DA:4,2
DA:15,2
DA:16,2
DA:17,2
DA:18,2
DA:19,2
DA:20,2
DA:21,2
DA:22,4
DA:23,2
LF:10
LH:10
end_of_record
SF:lib/app/domain/entities/movie_entity.dart
DA:11,7
DA:22,1
DA:25,1
DA:26,3
DA:27,3
DA:28,3
DA:29,3
DA:30,3
DA:31,3
DA:32,3
DA:33,3
DA:36,1
DA:37,1
DA:38,1
DA:39,1
DA:40,1
DA:41,1
DA:42,1
DA:43,1
DA:44,1
DA:45,1
LF:21
LH:21
end_of_record
SF:lib/app/domain/entities/paginated_response_entity.dart
DA:7,5
DA:12,1
DA:15,1
DA:16,3
DA:17,3
DA:20,1
DA:21,3
LF:7
LH:7
end_of_record
SF:lib/app/domain/usecases/get_movie_genres.dart
DA:6,1
DA:8,1
DA:9,2
DA:10,5
LF:4
LH:4
end_of_record
SF:lib/app/domain/usecases/get_popular_movies.dart
DA:7,1
DA:9,1
DA:10,2
LF:3
LH:3
end_of_record
SF:lib/app/presentation/controllers/settings_controller.dart
DA:13,2
DA:18,1
DA:20,1
DA:21,1
DA:24,1
DA:25,2
DA:26,2
DA:29,1
DA:30,2
DA:31,2
DA:32,3
DA:35,1
DA:36,2
DA:39,1
DA:40,2
LF:15
LH:15
end_of_record
SF:lib/app/presentation/controllers/home_controller.dart
DA:26,1
DA:33,1
DA:35,1
DA:36,4
DA:37,1
DA:41,1
DA:42,3
DA:45,2
DA:46,3
DA:48,3
DA:49,2
DA:50,5
DA:51,1
DA:52,4
DA:53,1
DA:54,1
DA:55,1
DA:56,1
DA:57,1
DA:58,1
DA:59,1
DA:60,1
DA:61,1
DA:62,1
DA:65,1
DA:67,2
DA:68,2
DA:70,2
DA:72,1
DA:75,2
DA:79,1
DA:80,2
DA:81,1
DA:82,1
DA:83,1
DA:86,1
DA:87,2
DA:88,1
DA:92,1
DA:93,2
DA:94,2
DA:95,3
DA:97,2
DA:98,1
DA:99,6
DA:100,1
LF:46
LH:46
end_of_record
